{"/Users/harttle/repos/brick-hbs/index.js":{"path":"/Users/harttle/repos/brick-hbs/index.js","s":{"1":1,"2":1,"3":1,"4":1,"5":1,"6":1,"7":1,"8":18,"9":18,"10":18,"11":1,"12":18,"13":18,"14":18,"15":4,"16":18,"17":1,"18":5,"19":5,"20":1,"21":18,"22":18,"23":0,"24":0,"25":18,"26":18,"27":18,"28":18,"29":18,"30":3,"31":3,"32":15,"33":1,"34":18,"35":2,"36":2,"37":1,"38":17,"39":17,"40":17,"41":1,"42":4,"43":4,"44":4,"45":4,"46":4,"47":4,"48":4,"49":4,"50":1,"51":3,"52":3,"53":3,"54":3,"55":3,"56":3,"57":3,"58":1,"59":18,"60":18,"61":18,"62":4,"63":1,"64":17,"65":17,"66":17,"67":1,"68":4,"69":1,"70":5,"71":1},"b":{"1":[18,0],"2":[0,18],"3":[3,15],"4":[2,16],"5":[1,1],"6":[4,0],"7":[3,0],"8":[4,0],"9":[0,17],"10":[5,3]},"f":{"1":18,"2":18,"3":5,"4":18,"5":18,"6":4,"7":3,"8":18,"9":17,"10":17,"11":17,"12":4},"fnMap":{"1":{"name":"Slug","line":10,"loc":{"start":{"line":10,"column":0},"end":{"line":10,"column":21}}},"2":{"name":"(anonymous_2)","line":16,"loc":{"start":{"line":16,"column":25},"end":{"line":16,"column":36}}},"3":{"name":"Brick","line":24,"loc":{"start":{"line":24,"column":0},"end":{"line":24,"column":23}}},"4":{"name":"(anonymous_4)","line":29,"loc":{"start":{"line":29,"column":25},"end":{"line":29,"column":68}}},"5":{"name":"(anonymous_5)","line":48,"loc":{"start":{"line":48,"column":25},"end":{"line":48,"column":43}}},"6":{"name":"(anonymous_6)","line":58,"loc":{"start":{"line":58,"column":37},"end":{"line":58,"column":69}}},"7":{"name":"(anonymous_7)","line":73,"loc":{"start":{"line":73,"column":36},"end":{"line":73,"column":68}}},"8":{"name":"link","line":86,"loc":{"start":{"line":86,"column":0},"end":{"line":86,"column":24}}},"9":{"name":"src","line":94,"loc":{"start":{"line":94,"column":0},"end":{"line":94,"column":19}}},"10":{"name":"(anonymous_10)","line":95,"loc":{"start":{"line":95,"column":23},"end":{"line":95,"column":49}}},"11":{"name":"(anonymous_11)","line":96,"loc":{"start":{"line":96,"column":34},"end":{"line":96,"column":52}}},"12":{"name":"uuid","line":102,"loc":{"start":{"line":102,"column":0},"end":{"line":102,"column":16}}}},"statementMap":{"1":{"start":{"line":1,"column":0},"end":{"line":1,"column":27}},"2":{"start":{"line":2,"column":0},"end":{"line":2,"column":23}},"3":{"start":{"line":3,"column":0},"end":{"line":3,"column":26}},"4":{"start":{"line":4,"column":0},"end":{"line":4,"column":46}},"5":{"start":{"line":5,"column":0},"end":{"line":5,"column":39}},"6":{"start":{"line":6,"column":0},"end":{"line":8,"column":2}},"7":{"start":{"line":10,"column":0},"end":{"line":14,"column":1}},"8":{"start":{"line":11,"column":4},"end":{"line":11,"column":23}},"9":{"start":{"line":12,"column":4},"end":{"line":12,"column":23}},"10":{"start":{"line":13,"column":4},"end":{"line":13,"column":28}},"11":{"start":{"line":16,"column":0},"end":{"line":22,"column":2}},"12":{"start":{"line":17,"column":4},"end":{"line":17,"column":23}},"13":{"start":{"line":18,"column":4},"end":{"line":21,"column":7}},"14":{"start":{"line":19,"column":8},"end":{"line":19,"column":64}},"15":{"start":{"line":19,"column":32},"end":{"line":19,"column":62}},"16":{"start":{"line":20,"column":8},"end":{"line":20,"column":25}},"17":{"start":{"line":24,"column":0},"end":{"line":27,"column":1}},"18":{"start":{"line":25,"column":4},"end":{"line":25,"column":25}},"19":{"start":{"line":26,"column":4},"end":{"line":26,"column":20}},"20":{"start":{"line":29,"column":0},"end":{"line":46,"column":2}},"21":{"start":{"line":30,"column":4},"end":{"line":30,"column":20}},"22":{"start":{"line":31,"column":4},"end":{"line":34,"column":5}},"23":{"start":{"line":32,"column":8},"end":{"line":32,"column":77}},"24":{"start":{"line":33,"column":8},"end":{"line":33,"column":29}},"25":{"start":{"line":35,"column":4},"end":{"line":35,"column":31}},"26":{"start":{"line":36,"column":4},"end":{"line":45,"column":11}},"27":{"start":{"line":37,"column":21},"end":{"line":37,"column":35}},"28":{"start":{"line":40,"column":12},"end":{"line":40,"column":41}},"29":{"start":{"line":41,"column":12},"end":{"line":44,"column":31}},"30":{"start":{"line":42,"column":16},"end":{"line":42,"column":40}},"31":{"start":{"line":43,"column":16},"end":{"line":43,"column":53}},"32":{"start":{"line":44,"column":19},"end":{"line":44,"column":31}},"33":{"start":{"line":48,"column":0},"end":{"line":56,"column":2}},"34":{"start":{"line":49,"column":4},"end":{"line":52,"column":5}},"35":{"start":{"line":50,"column":8},"end":{"line":50,"column":38}},"36":{"start":{"line":51,"column":8},"end":{"line":51,"column":45}},"37":{"start":{"line":51,"column":17},"end":{"line":51,"column":45}},"38":{"start":{"line":53,"column":4},"end":{"line":55,"column":48}},"39":{"start":{"line":54,"column":21},"end":{"line":54,"column":44}},"40":{"start":{"line":55,"column":21},"end":{"line":55,"column":46}},"41":{"start":{"line":58,"column":0},"end":{"line":71,"column":3}},"42":{"start":{"line":59,"column":4},"end":{"line":62,"column":5}},"43":{"start":{"line":60,"column":8},"end":{"line":60,"column":26}},"44":{"start":{"line":61,"column":8},"end":{"line":61,"column":23}},"45":{"start":{"line":63,"column":4},"end":{"line":63,"column":55}},"46":{"start":{"line":64,"column":4},"end":{"line":68,"column":12}},"47":{"start":{"line":66,"column":51},"end":{"line":68,"column":9}},"48":{"start":{"line":69,"column":4},"end":{"line":69,"column":26}},"49":{"start":{"line":70,"column":4},"end":{"line":70,"column":31}},"50":{"start":{"line":73,"column":0},"end":{"line":84,"column":3}},"51":{"start":{"line":74,"column":4},"end":{"line":77,"column":5}},"52":{"start":{"line":75,"column":8},"end":{"line":75,"column":26}},"53":{"start":{"line":76,"column":8},"end":{"line":76,"column":23}},"54":{"start":{"line":78,"column":4},"end":{"line":78,"column":55}},"55":{"start":{"line":79,"column":4},"end":{"line":79,"column":38}},"56":{"start":{"line":80,"column":4},"end":{"line":82,"column":6}},"57":{"start":{"line":83,"column":4},"end":{"line":83,"column":14}},"58":{"start":{"line":86,"column":0},"end":{"line":92,"column":1}},"59":{"start":{"line":87,"column":4},"end":{"line":88,"column":23}},"60":{"start":{"line":89,"column":4},"end":{"line":91,"column":85}},"61":{"start":{"line":91,"column":12},"end":{"line":91,"column":83}},"62":{"start":{"line":91,"column":63},"end":{"line":91,"column":82}},"63":{"start":{"line":94,"column":0},"end":{"line":100,"column":1}},"64":{"start":{"line":95,"column":4},"end":{"line":99,"column":7}},"65":{"start":{"line":96,"column":8},"end":{"line":98,"column":11}},"66":{"start":{"line":97,"column":12},"end":{"line":97,"column":49}},"67":{"start":{"line":102,"column":0},"end":{"line":104,"column":1}},"68":{"start":{"line":103,"column":4},"end":{"line":103,"column":48}},"69":{"start":{"line":106,"column":0},"end":{"line":106,"column":81}},"70":{"start":{"line":106,"column":29},"end":{"line":106,"column":80}},"71":{"start":{"line":107,"column":0},"end":{"line":107,"column":28}}},"branchMap":{"1":{"line":30,"type":"binary-expr","locations":[{"start":{"line":30,"column":10},"end":{"line":30,"column":13}},{"start":{"line":30,"column":17},"end":{"line":30,"column":19}}]},"2":{"line":31,"type":"if","locations":[{"start":{"line":31,"column":4},"end":{"line":31,"column":4}},{"start":{"line":31,"column":4},"end":{"line":31,"column":4}}]},"3":{"line":41,"type":"if","locations":[{"start":{"line":41,"column":12},"end":{"line":41,"column":12}},{"start":{"line":41,"column":12},"end":{"line":41,"column":12}}]},"4":{"line":49,"type":"if","locations":[{"start":{"line":49,"column":4},"end":{"line":49,"column":4}},{"start":{"line":49,"column":4},"end":{"line":49,"column":4}}]},"5":{"line":51,"type":"if","locations":[{"start":{"line":51,"column":8},"end":{"line":51,"column":8}},{"start":{"line":51,"column":8},"end":{"line":51,"column":8}}]},"6":{"line":59,"type":"if","locations":[{"start":{"line":59,"column":4},"end":{"line":59,"column":4}},{"start":{"line":59,"column":4},"end":{"line":59,"column":4}}]},"7":{"line":74,"type":"if","locations":[{"start":{"line":74,"column":4},"end":{"line":74,"column":4}},{"start":{"line":74,"column":4},"end":{"line":74,"column":4}}]},"8":{"line":91,"type":"binary-expr","locations":[{"start":{"line":91,"column":63},"end":{"line":91,"column":74}},{"start":{"line":91,"column":78},"end":{"line":91,"column":82}}]},"9":{"line":97,"type":"cond-expr","locations":[{"start":{"line":97,"column":23},"end":{"line":97,"column":32}},{"start":{"line":97,"column":35},"end":{"line":97,"column":48}}]},"10":{"line":106,"type":"binary-expr","locations":[{"start":{"line":106,"column":50},"end":{"line":106,"column":56}},{"start":{"line":106,"column":60},"end":{"line":106,"column":62}}]}}}}