TN:
SF:/Users/harttle/repos/brick-hbs/index.js
FN:10,Slug
FN:16,(anonymous_2)
FN:24,Brick
FN:29,(anonymous_4)
FN:48,(anonymous_5)
FN:58,(anonymous_6)
FN:73,(anonymous_7)
FN:86,link
FN:94,src
FN:95,(anonymous_10)
FN:96,(anonymous_11)
FN:102,uuid
FNF:12
FNH:12
FNDA:18,Slug
FNDA:18,(anonymous_2)
FNDA:5,Brick
FNDA:18,(anonymous_4)
FNDA:18,(anonymous_5)
FNDA:4,(anonymous_6)
FNDA:3,(anonymous_7)
FNDA:18,link
FNDA:17,src
FNDA:17,(anonymous_10)
FNDA:17,(anonymous_11)
FNDA:4,uuid
DA:1,1
DA:2,1
DA:3,1
DA:4,1
DA:5,1
DA:6,1
DA:10,1
DA:11,18
DA:12,18
DA:13,18
DA:16,1
DA:17,18
DA:18,18
DA:19,18
DA:20,18
DA:24,1
DA:25,5
DA:26,5
DA:29,1
DA:30,18
DA:31,18
DA:32,0
DA:33,0
DA:35,18
DA:36,18
DA:37,18
DA:40,18
DA:41,18
DA:42,3
DA:43,3
DA:44,15
DA:48,1
DA:49,18
DA:50,2
DA:51,2
DA:53,17
DA:54,17
DA:55,17
DA:58,1
DA:59,4
DA:60,4
DA:61,4
DA:63,4
DA:64,4
DA:66,4
DA:69,4
DA:70,4
DA:73,1
DA:74,3
DA:75,3
DA:76,3
DA:78,3
DA:79,3
DA:80,3
DA:83,3
DA:86,1
DA:87,18
DA:89,18
DA:91,18
DA:94,1
DA:95,17
DA:96,17
DA:97,17
DA:102,1
DA:103,4
DA:106,5
DA:107,1
LF:67
LH:65
BRDA:30,1,0,18
BRDA:30,1,1,0
BRDA:31,2,0,0
BRDA:31,2,1,18
BRDA:41,3,0,3
BRDA:41,3,1,15
BRDA:49,4,0,2
BRDA:49,4,1,16
BRDA:51,5,0,1
BRDA:51,5,1,1
BRDA:59,6,0,4
BRDA:59,6,1,0
BRDA:74,7,0,3
BRDA:74,7,1,0
BRDA:91,8,0,4
BRDA:91,8,1,0
BRDA:97,9,0,0
BRDA:97,9,1,17
BRDA:106,10,0,5
BRDA:106,10,1,3
BRF:20
BRH:14
end_of_record
